<testsuites id="" name="" tests="80" failures="0" skipped="80" errors="0" time="0.21910199999999985">
<testsuite name="books-app.spec.ts" timestamp="2025-08-25T08:48:30.983Z" hostname="chromium" tests="16" failures="0" skipped="16" time="0" errors="0">
<testcase name="Books Application E2E Tests › Homepage › should display the books list" classname="books-app.spec.ts" time="0">
<skipped>
</skipped>
</testcase>
<testcase name="Books Application E2E Tests › Homepage › should navigate to book details" classname="books-app.spec.ts" time="0">
<skipped>
</skipped>
</testcase>
<testcase name="Books Application E2E Tests › Homepage › should filter books by genre" classname="books-app.spec.ts" time="0">
<skipped>
</skipped>
</testcase>
<testcase name="Books Application E2E Tests › Book Details Page › should show complete book information" classname="books-app.spec.ts" time="0">
<skipped>
</skipped>
</testcase>
<testcase name="Books Application E2E Tests › Book Details Page › should show breadcrumb navigation" classname="books-app.spec.ts" time="0">
<skipped>
</skipped>
</testcase>
<testcase name="Books Application E2E Tests › Book Details Page › should navigate back to books list" classname="books-app.spec.ts" time="0">
<skipped>
</skipped>
</testcase>
<testcase name="Books Application E2E Tests › Responsive Design › should work on mobile devices" classname="books-app.spec.ts" time="0">
<skipped>
</skipped>
</testcase>
<testcase name="Books Application E2E Tests › Responsive Design › should work on tablet devices" classname="books-app.spec.ts" time="0">
<skipped>
</skipped>
</testcase>
<testcase name="Books Application E2E Tests › Performance › should load within acceptable time" classname="books-app.spec.ts" time="0">
<skipped>
</skipped>
</testcase>
<testcase name="Books Application E2E Tests › Performance › should have good Core Web Vitals" classname="books-app.spec.ts" time="0">
<skipped>
</skipped>
</testcase>
<testcase name="Books Application E2E Tests › Accessibility › should have proper heading hierarchy" classname="books-app.spec.ts" time="0">
<skipped>
</skipped>
</testcase>
<testcase name="Books Application E2E Tests › Accessibility › should be keyboard navigable" classname="books-app.spec.ts" time="0">
<skipped>
</skipped>
</testcase>
<testcase name="Books Application E2E Tests › Accessibility › should have alt text for images" classname="books-app.spec.ts" time="0">
<skipped>
</skipped>
</testcase>
<testcase name="Books Application E2E Tests › Error Handling › should handle 404 pages gracefully" classname="books-app.spec.ts" time="0">
<skipped>
</skipped>
</testcase>
<testcase name="Books Application E2E Tests › Error Handling › should handle network errors" classname="books-app.spec.ts" time="0">
<skipped>
</skipped>
</testcase>
<testcase name="Books Application E2E Tests › Search Functionality › should search books by title" classname="books-app.spec.ts" time="0">
<skipped>
</skipped>
</testcase>
</testsuite>
<testsuite name="books-app.spec.ts" timestamp="2025-08-25T08:48:30.983Z" hostname="firefox" tests="16" failures="0" skipped="16" time="0" errors="0">
<testcase name="Books Application E2E Tests › Homepage › should display the books list" classname="books-app.spec.ts" time="0">
<skipped>
</skipped>
</testcase>
<testcase name="Books Application E2E Tests › Homepage › should navigate to book details" classname="books-app.spec.ts" time="0">
<skipped>
</skipped>
</testcase>
<testcase name="Books Application E2E Tests › Homepage › should filter books by genre" classname="books-app.spec.ts" time="0">
<skipped>
</skipped>
</testcase>
<testcase name="Books Application E2E Tests › Book Details Page › should show complete book information" classname="books-app.spec.ts" time="0">
<skipped>
</skipped>
</testcase>
<testcase name="Books Application E2E Tests › Book Details Page › should show breadcrumb navigation" classname="books-app.spec.ts" time="0">
<skipped>
</skipped>
</testcase>
<testcase name="Books Application E2E Tests › Book Details Page › should navigate back to books list" classname="books-app.spec.ts" time="0">
<skipped>
</skipped>
</testcase>
<testcase name="Books Application E2E Tests › Responsive Design › should work on mobile devices" classname="books-app.spec.ts" time="0">
<skipped>
</skipped>
</testcase>
<testcase name="Books Application E2E Tests › Responsive Design › should work on tablet devices" classname="books-app.spec.ts" time="0">
<skipped>
</skipped>
</testcase>
<testcase name="Books Application E2E Tests › Performance › should load within acceptable time" classname="books-app.spec.ts" time="0">
<skipped>
</skipped>
</testcase>
<testcase name="Books Application E2E Tests › Performance › should have good Core Web Vitals" classname="books-app.spec.ts" time="0">
<skipped>
</skipped>
</testcase>
<testcase name="Books Application E2E Tests › Accessibility › should have proper heading hierarchy" classname="books-app.spec.ts" time="0">
<skipped>
</skipped>
</testcase>
<testcase name="Books Application E2E Tests › Accessibility › should be keyboard navigable" classname="books-app.spec.ts" time="0">
<skipped>
</skipped>
</testcase>
<testcase name="Books Application E2E Tests › Accessibility › should have alt text for images" classname="books-app.spec.ts" time="0">
<skipped>
</skipped>
</testcase>
<testcase name="Books Application E2E Tests › Error Handling › should handle 404 pages gracefully" classname="books-app.spec.ts" time="0">
<skipped>
</skipped>
</testcase>
<testcase name="Books Application E2E Tests › Error Handling › should handle network errors" classname="books-app.spec.ts" time="0">
<skipped>
</skipped>
</testcase>
<testcase name="Books Application E2E Tests › Search Functionality › should search books by title" classname="books-app.spec.ts" time="0">
<skipped>
</skipped>
</testcase>
</testsuite>
<testsuite name="books-app.spec.ts" timestamp="2025-08-25T08:48:30.983Z" hostname="webkit" tests="16" failures="0" skipped="16" time="0" errors="0">
<testcase name="Books Application E2E Tests › Homepage › should display the books list" classname="books-app.spec.ts" time="0">
<skipped>
</skipped>
</testcase>
<testcase name="Books Application E2E Tests › Homepage › should navigate to book details" classname="books-app.spec.ts" time="0">
<skipped>
</skipped>
</testcase>
<testcase name="Books Application E2E Tests › Homepage › should filter books by genre" classname="books-app.spec.ts" time="0">
<skipped>
</skipped>
</testcase>
<testcase name="Books Application E2E Tests › Book Details Page › should show complete book information" classname="books-app.spec.ts" time="0">
<skipped>
</skipped>
</testcase>
<testcase name="Books Application E2E Tests › Book Details Page › should show breadcrumb navigation" classname="books-app.spec.ts" time="0">
<skipped>
</skipped>
</testcase>
<testcase name="Books Application E2E Tests › Book Details Page › should navigate back to books list" classname="books-app.spec.ts" time="0">
<skipped>
</skipped>
</testcase>
<testcase name="Books Application E2E Tests › Responsive Design › should work on mobile devices" classname="books-app.spec.ts" time="0">
<skipped>
</skipped>
</testcase>
<testcase name="Books Application E2E Tests › Responsive Design › should work on tablet devices" classname="books-app.spec.ts" time="0">
<skipped>
</skipped>
</testcase>
<testcase name="Books Application E2E Tests › Performance › should load within acceptable time" classname="books-app.spec.ts" time="0">
<skipped>
</skipped>
</testcase>
<testcase name="Books Application E2E Tests › Performance › should have good Core Web Vitals" classname="books-app.spec.ts" time="0">
<skipped>
</skipped>
</testcase>
<testcase name="Books Application E2E Tests › Accessibility › should have proper heading hierarchy" classname="books-app.spec.ts" time="0">
<skipped>
</skipped>
</testcase>
<testcase name="Books Application E2E Tests › Accessibility › should be keyboard navigable" classname="books-app.spec.ts" time="0">
<skipped>
</skipped>
</testcase>
<testcase name="Books Application E2E Tests › Accessibility › should have alt text for images" classname="books-app.spec.ts" time="0">
<skipped>
</skipped>
</testcase>
<testcase name="Books Application E2E Tests › Error Handling › should handle 404 pages gracefully" classname="books-app.spec.ts" time="0">
<skipped>
</skipped>
</testcase>
<testcase name="Books Application E2E Tests › Error Handling › should handle network errors" classname="books-app.spec.ts" time="0">
<skipped>
</skipped>
</testcase>
<testcase name="Books Application E2E Tests › Search Functionality › should search books by title" classname="books-app.spec.ts" time="0">
<skipped>
</skipped>
</testcase>
</testsuite>
<testsuite name="books-app.spec.ts" timestamp="2025-08-25T08:48:30.983Z" hostname="Mobile Chrome" tests="16" failures="0" skipped="16" time="0" errors="0">
<testcase name="Books Application E2E Tests › Homepage › should display the books list" classname="books-app.spec.ts" time="0">
<skipped>
</skipped>
</testcase>
<testcase name="Books Application E2E Tests › Homepage › should navigate to book details" classname="books-app.spec.ts" time="0">
<skipped>
</skipped>
</testcase>
<testcase name="Books Application E2E Tests › Homepage › should filter books by genre" classname="books-app.spec.ts" time="0">
<skipped>
</skipped>
</testcase>
<testcase name="Books Application E2E Tests › Book Details Page › should show complete book information" classname="books-app.spec.ts" time="0">
<skipped>
</skipped>
</testcase>
<testcase name="Books Application E2E Tests › Book Details Page › should show breadcrumb navigation" classname="books-app.spec.ts" time="0">
<skipped>
</skipped>
</testcase>
<testcase name="Books Application E2E Tests › Book Details Page › should navigate back to books list" classname="books-app.spec.ts" time="0">
<skipped>
</skipped>
</testcase>
<testcase name="Books Application E2E Tests › Responsive Design › should work on mobile devices" classname="books-app.spec.ts" time="0">
<skipped>
</skipped>
</testcase>
<testcase name="Books Application E2E Tests › Responsive Design › should work on tablet devices" classname="books-app.spec.ts" time="0">
<skipped>
</skipped>
</testcase>
<testcase name="Books Application E2E Tests › Performance › should load within acceptable time" classname="books-app.spec.ts" time="0">
<skipped>
</skipped>
</testcase>
<testcase name="Books Application E2E Tests › Performance › should have good Core Web Vitals" classname="books-app.spec.ts" time="0">
<skipped>
</skipped>
</testcase>
<testcase name="Books Application E2E Tests › Accessibility › should have proper heading hierarchy" classname="books-app.spec.ts" time="0">
<skipped>
</skipped>
</testcase>
<testcase name="Books Application E2E Tests › Accessibility › should be keyboard navigable" classname="books-app.spec.ts" time="0">
<skipped>
</skipped>
</testcase>
<testcase name="Books Application E2E Tests › Accessibility › should have alt text for images" classname="books-app.spec.ts" time="0">
<skipped>
</skipped>
</testcase>
<testcase name="Books Application E2E Tests › Error Handling › should handle 404 pages gracefully" classname="books-app.spec.ts" time="0">
<skipped>
</skipped>
</testcase>
<testcase name="Books Application E2E Tests › Error Handling › should handle network errors" classname="books-app.spec.ts" time="0">
<skipped>
</skipped>
</testcase>
<testcase name="Books Application E2E Tests › Search Functionality › should search books by title" classname="books-app.spec.ts" time="0">
<skipped>
</skipped>
</testcase>
</testsuite>
<testsuite name="books-app.spec.ts" timestamp="2025-08-25T08:48:30.983Z" hostname="Mobile Safari" tests="16" failures="0" skipped="16" time="0" errors="0">
<testcase name="Books Application E2E Tests › Homepage › should display the books list" classname="books-app.spec.ts" time="0">
<skipped>
</skipped>
</testcase>
<testcase name="Books Application E2E Tests › Homepage › should navigate to book details" classname="books-app.spec.ts" time="0">
<skipped>
</skipped>
</testcase>
<testcase name="Books Application E2E Tests › Homepage › should filter books by genre" classname="books-app.spec.ts" time="0">
<skipped>
</skipped>
</testcase>
<testcase name="Books Application E2E Tests › Book Details Page › should show complete book information" classname="books-app.spec.ts" time="0">
<skipped>
</skipped>
</testcase>
<testcase name="Books Application E2E Tests › Book Details Page › should show breadcrumb navigation" classname="books-app.spec.ts" time="0">
<skipped>
</skipped>
</testcase>
<testcase name="Books Application E2E Tests › Book Details Page › should navigate back to books list" classname="books-app.spec.ts" time="0">
<skipped>
</skipped>
</testcase>
<testcase name="Books Application E2E Tests › Responsive Design › should work on mobile devices" classname="books-app.spec.ts" time="0">
<skipped>
</skipped>
</testcase>
<testcase name="Books Application E2E Tests › Responsive Design › should work on tablet devices" classname="books-app.spec.ts" time="0">
<skipped>
</skipped>
</testcase>
<testcase name="Books Application E2E Tests › Performance › should load within acceptable time" classname="books-app.spec.ts" time="0">
<skipped>
</skipped>
</testcase>
<testcase name="Books Application E2E Tests › Performance › should have good Core Web Vitals" classname="books-app.spec.ts" time="0">
<skipped>
</skipped>
</testcase>
<testcase name="Books Application E2E Tests › Accessibility › should have proper heading hierarchy" classname="books-app.spec.ts" time="0">
<skipped>
</skipped>
</testcase>
<testcase name="Books Application E2E Tests › Accessibility › should be keyboard navigable" classname="books-app.spec.ts" time="0">
<skipped>
</skipped>
</testcase>
<testcase name="Books Application E2E Tests › Accessibility › should have alt text for images" classname="books-app.spec.ts" time="0">
<skipped>
</skipped>
</testcase>
<testcase name="Books Application E2E Tests › Error Handling › should handle 404 pages gracefully" classname="books-app.spec.ts" time="0">
<skipped>
</skipped>
</testcase>
<testcase name="Books Application E2E Tests › Error Handling › should handle network errors" classname="books-app.spec.ts" time="0">
<skipped>
</skipped>
</testcase>
<testcase name="Books Application E2E Tests › Search Functionality › should search books by title" classname="books-app.spec.ts" time="0">
<skipped>
</skipped>
</testcase>
</testsuite>
</testsuites>